Performing C SOURCE FILE Test HAVE_GCC_PREFERRED_STACK_BOUNDARY failed with the following output:
Change Dir: /Users/karlnico/project-links/final-project-6122/lib/SDL2-2.0.8/build/CMakeFiles/CMakeTmp

Run Build Command:"/usr/bin/make" "cmTC_c137c/fast"
/Library/Developer/CommandLineTools/usr/bin/make -f CMakeFiles/cmTC_c137c.dir/build.make CMakeFiles/cmTC_c137c.dir/build
Building C object CMakeFiles/cmTC_c137c.dir/src.c.o
/Library/Developer/CommandLineTools/usr/bin/cc   -g -O3 -idirafter /Users/karlnico/project-links/final-project-6122/lib/SDL2-2.0.8/src/video/khronos -DHAVE_GCC_PREFERRED_STACK_BOUNDARY -mpreferred-stack-boundary=2   -o CMakeFiles/cmTC_c137c.dir/src.c.o   -c /Users/karlnico/project-links/final-project-6122/lib/SDL2-2.0.8/build/CMakeFiles/CMakeTmp/src.c
clang: error: unknown argument: '-mpreferred-stack-boundary=2'
make[1]: *** [CMakeFiles/cmTC_c137c.dir/src.c.o] Error 1
make: *** [cmTC_c137c/fast] Error 2

Source file was:
int x = 0; int main(int argc, char **argv) {}
Performing C SOURCE FILE Test HAVE_ALTIVEC_H_HDR failed with the following output:
Change Dir: /Users/karlnico/project-links/final-project-6122/lib/SDL2-2.0.8/build/CMakeFiles/CMakeTmp

Run Build Command:"/usr/bin/make" "cmTC_7e278/fast"
/Library/Developer/CommandLineTools/usr/bin/make -f CMakeFiles/cmTC_7e278.dir/build.make CMakeFiles/cmTC_7e278.dir/build
Building C object CMakeFiles/cmTC_7e278.dir/src.c.o
/Library/Developer/CommandLineTools/usr/bin/cc   -g -O3 -idirafter /Users/karlnico/project-links/final-project-6122/lib/SDL2-2.0.8/src/video/khronos -DHAVE_ALTIVEC_H_HDR -maltivec   -o CMakeFiles/cmTC_7e278.dir/src.c.o   -c /Users/karlnico/project-links/final-project-6122/lib/SDL2-2.0.8/build/CMakeFiles/CMakeTmp/src.c
clang: warning: argument unused during compilation: '-maltivec' [-Wunused-command-line-argument]
In file included from /Users/karlnico/project-links/final-project-6122/lib/SDL2-2.0.8/build/CMakeFiles/CMakeTmp/src.c:2:
/Library/Developer/CommandLineTools/usr/lib/clang/9.1.0/include/altivec.h:27:2: error: "AltiVec support not enabled"
#error "AltiVec support not enabled"
 ^
/Library/Developer/CommandLineTools/usr/lib/clang/9.1.0/include/altivec.h:62:19: error: unknown type name 'vector'
static __inline__ vector signed char __ATTRS_o_ai vec_perm(
                  ^
/Library/Developer/CommandLineTools/usr/lib/clang/9.1.0/include/altivec.h:62:26: error: expected identifier or '('
static __inline__ vector signed char __ATTRS_o_ai vec_perm(
                         ^
/Library/Developer/CommandLineTools/usr/lib/clang/9.1.0/include/altivec.h:65:19: error: unknown type name 'vector'
static __inline__ vector unsigned char __ATTRS_o_ai
                  ^
/Library/Developer/CommandLineTools/usr/lib/clang/9.1.0/include/altivec.h:65:26: error: expected identifier or '('
static __inline__ vector unsigned char __ATTRS_o_ai
                         ^
/Library/Developer/CommandLineTools/usr/lib/clang/9.1.0/include/altivec.h:69:19: error: unknown type name 'vector'
static __inline__ vector bool char __ATTRS_o_ai
                  ^
/Library/Developer/CommandLineTools/usr/lib/clang/9.1.0/include/altivec.h:69:8: error: 'inline' can only appear on functions
static __inline__ vector bool char __ATTRS_o_ai
       ^
/Library/Developer/CommandLineTools/usr/lib/clang/9.1.0/include/altivec.h:69:30: error: expected ';' after top level declarator
static __inline__ vector bool char __ATTRS_o_ai
                             ^
/Library/Developer/CommandLineTools/usr/lib/clang/9.1.0/include/altivec.h:70:10: error: unknown type name 'vector'
vec_perm(vector bool char __a, vector bool char __b, vector unsigned char __c);
         ^
/Library/Developer/CommandLineTools/usr/lib/clang/9.1.0/include/altivec.h:70:22: error: expected ')'
vec_perm(vector bool char __a, vector bool char __b, vector unsigned char __c);
                     ^
/Library/Developer/CommandLineTools/usr/lib/clang/9.1.0/include/altivec.h:70:9: note: to match this '('
vec_perm(vector bool char __a, vector bool char __b, vector unsigned char __c);
        ^
/Library/Developer/CommandLineTools/usr/lib/clang/9.1.0/include/altivec.h:72:19: error: unknown type name 'vector'
static __inline__ vector short __ATTRS_o_ai vec_perm(vector signed short __a,
                  ^
/Library/Developer/CommandLineTools/usr/lib/clang/9.1.0/include/altivec.h:72:26: error: expected identifier or '('
static __inline__ vector short __ATTRS_o_ai vec_perm(vector signed short __a,
                         ^
/Library/Developer/CommandLineTools/usr/lib/clang/9.1.0/include/altivec.h:76:19: error: unknown type name 'vector'
static __inline__ vector unsigned short __ATTRS_o_ai
                  ^
/Library/Developer/CommandLineTools/usr/lib/clang/9.1.0/include/altivec.h:76:26: error: expected identifier or '('
static __inline__ vector unsigned short __ATTRS_o_ai
                         ^
/Library/Developer/CommandLineTools/usr/lib/clang/9.1.0/include/altivec.h:80:19: error: unknown type name 'vector'
static __inline__ vector bool short __ATTRS_o_ai vec_perm(
                  ^
/Library/Developer/CommandLineTools/usr/lib/clang/9.1.0/include/altivec.h:80:8: error: 'inline' can only appear on functions
static __inline__ vector bool short __ATTRS_o_ai vec_perm(
       ^
/Library/Developer/CommandLineTools/usr/lib/clang/9.1.0/include/altivec.h:80:30: error: expected ';' after top level declarator
static __inline__ vector bool short __ATTRS_o_ai vec_perm(
                             ^
/Library/Developer/CommandLineTools/usr/lib/clang/9.1.0/include/altivec.h:81:5: error: unknown type name 'vector'
    vector bool short __a, vector bool short __b, vector unsigned char __c);
    ^
/Library/Developer/CommandLineTools/usr/lib/clang/9.1.0/include/altivec.h:81:17: error: expected ')'
    vector bool short __a, vector bool short __b, vector unsigned char __c);
                ^
/Library/Developer/CommandLineTools/usr/lib/clang/9.1.0/include/altivec.h:80:58: note: to match this '('
static __inline__ vector bool short __ATTRS_o_ai vec_perm(
                                                         ^
fatal error: too many errors emitted, stopping now [-ferror-limit=]
20 errors generated.
make[1]: *** [CMakeFiles/cmTC_7e278.dir/src.c.o] Error 1
make: *** [cmTC_7e278/fast] Error 2

Source file was:

          #include <altivec.h>
          vector unsigned int vzero() {
              return vec_splat_u32(0);
          }
          int main(int argc, char **argv) { }
Performing C SOURCE FILE Test HAVE_ALTIVEC failed with the following output:
Change Dir: /Users/karlnico/project-links/final-project-6122/lib/SDL2-2.0.8/build/CMakeFiles/CMakeTmp

Run Build Command:"/usr/bin/make" "cmTC_15718/fast"
/Library/Developer/CommandLineTools/usr/bin/make -f CMakeFiles/cmTC_15718.dir/build.make CMakeFiles/cmTC_15718.dir/build
Building C object CMakeFiles/cmTC_15718.dir/src.c.o
/Library/Developer/CommandLineTools/usr/bin/cc   -g -O3 -idirafter /Users/karlnico/project-links/final-project-6122/lib/SDL2-2.0.8/src/video/khronos -DHAVE_ALTIVEC -maltivec   -o CMakeFiles/cmTC_15718.dir/src.c.o   -c /Users/karlnico/project-links/final-project-6122/lib/SDL2-2.0.8/build/CMakeFiles/CMakeTmp/src.c
clang: warning: argument unused during compilation: '-maltivec' [-Wunused-command-line-argument]
/Users/karlnico/project-links/final-project-6122/lib/SDL2-2.0.8/build/CMakeFiles/CMakeTmp/src.c:2:11: error: unknown type name 'vector'
          vector unsigned int vzero() {
          ^
/Users/karlnico/project-links/final-project-6122/lib/SDL2-2.0.8/build/CMakeFiles/CMakeTmp/src.c:2:18: error: expected identifier or '('
          vector unsigned int vzero() {
                 ^
2 errors generated.
make[1]: *** [CMakeFiles/cmTC_15718.dir/src.c.o] Error 1
make: *** [cmTC_15718/fast] Error 2

Source file was:

          vector unsigned int vzero() {
              return vec_splat_u32(0);
          }
          int main(int argc, char **argv) { }
Determining if the include file malloc.h exists failed with the following output:
Change Dir: /Users/karlnico/project-links/final-project-6122/lib/SDL2-2.0.8/build/CMakeFiles/CMakeTmp

Run Build Command:"/usr/bin/make" "cmTC_1ef9c/fast"
/Library/Developer/CommandLineTools/usr/bin/make -f CMakeFiles/cmTC_1ef9c.dir/build.make CMakeFiles/cmTC_1ef9c.dir/build
Building C object CMakeFiles/cmTC_1ef9c.dir/CheckIncludeFile.c.o
/Library/Developer/CommandLineTools/usr/bin/cc   -g -O3 -idirafter /Users/karlnico/project-links/final-project-6122/lib/SDL2-2.0.8/src/video/khronos    -o CMakeFiles/cmTC_1ef9c.dir/CheckIncludeFile.c.o   -c /Users/karlnico/project-links/final-project-6122/lib/SDL2-2.0.8/build/CMakeFiles/CMakeTmp/CheckIncludeFile.c
/Users/karlnico/project-links/final-project-6122/lib/SDL2-2.0.8/build/CMakeFiles/CMakeTmp/CheckIncludeFile.c:1:10: fatal error: 'malloc.h' file not found
#include <malloc.h>
         ^~~~~~~~~~
1 error generated.
make[1]: *** [CMakeFiles/cmTC_1ef9c.dir/CheckIncludeFile.c.o] Error 1
make: *** [cmTC_1ef9c/fast] Error 2


Determining if the function _strrev exists failed with the following output:
Change Dir: /Users/karlnico/project-links/final-project-6122/lib/SDL2-2.0.8/build/CMakeFiles/CMakeTmp

Run Build Command:"/usr/bin/make" "cmTC_66253/fast"
/Library/Developer/CommandLineTools/usr/bin/make -f CMakeFiles/cmTC_66253.dir/build.make CMakeFiles/cmTC_66253.dir/build
Building C object CMakeFiles/cmTC_66253.dir/CheckFunctionExists.c.o
/Library/Developer/CommandLineTools/usr/bin/cc   -g -O3 -idirafter /Users/karlnico/project-links/final-project-6122/lib/SDL2-2.0.8/src/video/khronos -DCHECK_FUNCTION_EXISTS=_strrev   -o CMakeFiles/cmTC_66253.dir/CheckFunctionExists.c.o   -c /usr/local/Cellar/cmake/3.10.2/share/cmake/Modules/CheckFunctionExists.c
Linking C executable cmTC_66253
/usr/local/Cellar/cmake/3.10.2/bin/cmake -E cmake_link_script CMakeFiles/cmTC_66253.dir/link.txt --verbose=1
/Library/Developer/CommandLineTools/usr/bin/cc -g -O3 -idirafter /Users/karlnico/project-links/final-project-6122/lib/SDL2-2.0.8/src/video/khronos -DCHECK_FUNCTION_EXISTS=_strrev -Wl,-search_paths_first -Wl,-headerpad_max_install_names   CMakeFiles/cmTC_66253.dir/CheckFunctionExists.c.o  -o cmTC_66253 
Undefined symbols for architecture x86_64:
  "__strrev", referenced from:
      _main in CheckFunctionExists.c.o
ld: symbol(s) not found for architecture x86_64
clang: error: linker command failed with exit code 1 (use -v to see invocation)
make[1]: *** [cmTC_66253] Error 1
make: *** [cmTC_66253/fast] Error 2


Determining if the function _strupr exists failed with the following output:
Change Dir: /Users/karlnico/project-links/final-project-6122/lib/SDL2-2.0.8/build/CMakeFiles/CMakeTmp

Run Build Command:"/usr/bin/make" "cmTC_21a7e/fast"
/Library/Developer/CommandLineTools/usr/bin/make -f CMakeFiles/cmTC_21a7e.dir/build.make CMakeFiles/cmTC_21a7e.dir/build
Building C object CMakeFiles/cmTC_21a7e.dir/CheckFunctionExists.c.o
/Library/Developer/CommandLineTools/usr/bin/cc   -g -O3 -idirafter /Users/karlnico/project-links/final-project-6122/lib/SDL2-2.0.8/src/video/khronos -DCHECK_FUNCTION_EXISTS=_strupr   -o CMakeFiles/cmTC_21a7e.dir/CheckFunctionExists.c.o   -c /usr/local/Cellar/cmake/3.10.2/share/cmake/Modules/CheckFunctionExists.c
Linking C executable cmTC_21a7e
/usr/local/Cellar/cmake/3.10.2/bin/cmake -E cmake_link_script CMakeFiles/cmTC_21a7e.dir/link.txt --verbose=1
/Library/Developer/CommandLineTools/usr/bin/cc -g -O3 -idirafter /Users/karlnico/project-links/final-project-6122/lib/SDL2-2.0.8/src/video/khronos -DCHECK_FUNCTION_EXISTS=_strupr -Wl,-search_paths_first -Wl,-headerpad_max_install_names   CMakeFiles/cmTC_21a7e.dir/CheckFunctionExists.c.o  -o cmTC_21a7e 
Undefined symbols for architecture x86_64:
  "__strupr", referenced from:
      _main in CheckFunctionExists.c.o
ld: symbol(s) not found for architecture x86_64
clang: error: linker command failed with exit code 1 (use -v to see invocation)
make[1]: *** [cmTC_21a7e] Error 1
make: *** [cmTC_21a7e/fast] Error 2


Determining if the function _strlwr exists failed with the following output:
Change Dir: /Users/karlnico/project-links/final-project-6122/lib/SDL2-2.0.8/build/CMakeFiles/CMakeTmp

Run Build Command:"/usr/bin/make" "cmTC_8a661/fast"
/Library/Developer/CommandLineTools/usr/bin/make -f CMakeFiles/cmTC_8a661.dir/build.make CMakeFiles/cmTC_8a661.dir/build
Building C object CMakeFiles/cmTC_8a661.dir/CheckFunctionExists.c.o
/Library/Developer/CommandLineTools/usr/bin/cc   -g -O3 -idirafter /Users/karlnico/project-links/final-project-6122/lib/SDL2-2.0.8/src/video/khronos -DCHECK_FUNCTION_EXISTS=_strlwr   -o CMakeFiles/cmTC_8a661.dir/CheckFunctionExists.c.o   -c /usr/local/Cellar/cmake/3.10.2/share/cmake/Modules/CheckFunctionExists.c
Linking C executable cmTC_8a661
/usr/local/Cellar/cmake/3.10.2/bin/cmake -E cmake_link_script CMakeFiles/cmTC_8a661.dir/link.txt --verbose=1
/Library/Developer/CommandLineTools/usr/bin/cc -g -O3 -idirafter /Users/karlnico/project-links/final-project-6122/lib/SDL2-2.0.8/src/video/khronos -DCHECK_FUNCTION_EXISTS=_strlwr -Wl,-search_paths_first -Wl,-headerpad_max_install_names   CMakeFiles/cmTC_8a661.dir/CheckFunctionExists.c.o  -o cmTC_8a661 
Undefined symbols for architecture x86_64:
  "__strlwr", referenced from:
      _main in CheckFunctionExists.c.o
ld: symbol(s) not found for architecture x86_64
clang: error: linker command failed with exit code 1 (use -v to see invocation)
make[1]: *** [cmTC_8a661] Error 1
make: *** [cmTC_8a661/fast] Error 2


Determining if the function itoa exists failed with the following output:
Change Dir: /Users/karlnico/project-links/final-project-6122/lib/SDL2-2.0.8/build/CMakeFiles/CMakeTmp

Run Build Command:"/usr/bin/make" "cmTC_8834b/fast"
/Library/Developer/CommandLineTools/usr/bin/make -f CMakeFiles/cmTC_8834b.dir/build.make CMakeFiles/cmTC_8834b.dir/build
Building C object CMakeFiles/cmTC_8834b.dir/CheckFunctionExists.c.o
/Library/Developer/CommandLineTools/usr/bin/cc   -g -O3 -idirafter /Users/karlnico/project-links/final-project-6122/lib/SDL2-2.0.8/src/video/khronos -DCHECK_FUNCTION_EXISTS=itoa   -o CMakeFiles/cmTC_8834b.dir/CheckFunctionExists.c.o   -c /usr/local/Cellar/cmake/3.10.2/share/cmake/Modules/CheckFunctionExists.c
Linking C executable cmTC_8834b
/usr/local/Cellar/cmake/3.10.2/bin/cmake -E cmake_link_script CMakeFiles/cmTC_8834b.dir/link.txt --verbose=1
/Library/Developer/CommandLineTools/usr/bin/cc -g -O3 -idirafter /Users/karlnico/project-links/final-project-6122/lib/SDL2-2.0.8/src/video/khronos -DCHECK_FUNCTION_EXISTS=itoa -Wl,-search_paths_first -Wl,-headerpad_max_install_names   CMakeFiles/cmTC_8834b.dir/CheckFunctionExists.c.o  -o cmTC_8834b 
Undefined symbols for architecture x86_64:
  "_itoa", referenced from:
      _main in CheckFunctionExists.c.o
ld: symbol(s) not found for architecture x86_64
clang: error: linker command failed with exit code 1 (use -v to see invocation)
make[1]: *** [cmTC_8834b] Error 1
make: *** [cmTC_8834b/fast] Error 2


Determining if the function _ltoa exists failed with the following output:
Change Dir: /Users/karlnico/project-links/final-project-6122/lib/SDL2-2.0.8/build/CMakeFiles/CMakeTmp

Run Build Command:"/usr/bin/make" "cmTC_390a8/fast"
/Library/Developer/CommandLineTools/usr/bin/make -f CMakeFiles/cmTC_390a8.dir/build.make CMakeFiles/cmTC_390a8.dir/build
Building C object CMakeFiles/cmTC_390a8.dir/CheckFunctionExists.c.o
/Library/Developer/CommandLineTools/usr/bin/cc   -g -O3 -idirafter /Users/karlnico/project-links/final-project-6122/lib/SDL2-2.0.8/src/video/khronos -DCHECK_FUNCTION_EXISTS=_ltoa   -o CMakeFiles/cmTC_390a8.dir/CheckFunctionExists.c.o   -c /usr/local/Cellar/cmake/3.10.2/share/cmake/Modules/CheckFunctionExists.c
Linking C executable cmTC_390a8
/usr/local/Cellar/cmake/3.10.2/bin/cmake -E cmake_link_script CMakeFiles/cmTC_390a8.dir/link.txt --verbose=1
/Library/Developer/CommandLineTools/usr/bin/cc -g -O3 -idirafter /Users/karlnico/project-links/final-project-6122/lib/SDL2-2.0.8/src/video/khronos -DCHECK_FUNCTION_EXISTS=_ltoa -Wl,-search_paths_first -Wl,-headerpad_max_install_names   CMakeFiles/cmTC_390a8.dir/CheckFunctionExists.c.o  -o cmTC_390a8 
Undefined symbols for architecture x86_64:
  "__ltoa", referenced from:
      _main in CheckFunctionExists.c.o
ld: symbol(s) not found for architecture x86_64
clang: error: linker command failed with exit code 1 (use -v to see invocation)
make[1]: *** [cmTC_390a8] Error 1
make: *** [cmTC_390a8/fast] Error 2


Determining if the function _uitoa exists failed with the following output:
Change Dir: /Users/karlnico/project-links/final-project-6122/lib/SDL2-2.0.8/build/CMakeFiles/CMakeTmp

Run Build Command:"/usr/bin/make" "cmTC_2b5c4/fast"
/Library/Developer/CommandLineTools/usr/bin/make -f CMakeFiles/cmTC_2b5c4.dir/build.make CMakeFiles/cmTC_2b5c4.dir/build
Building C object CMakeFiles/cmTC_2b5c4.dir/CheckFunctionExists.c.o
/Library/Developer/CommandLineTools/usr/bin/cc   -g -O3 -idirafter /Users/karlnico/project-links/final-project-6122/lib/SDL2-2.0.8/src/video/khronos -DCHECK_FUNCTION_EXISTS=_uitoa   -o CMakeFiles/cmTC_2b5c4.dir/CheckFunctionExists.c.o   -c /usr/local/Cellar/cmake/3.10.2/share/cmake/Modules/CheckFunctionExists.c
Linking C executable cmTC_2b5c4
/usr/local/Cellar/cmake/3.10.2/bin/cmake -E cmake_link_script CMakeFiles/cmTC_2b5c4.dir/link.txt --verbose=1
/Library/Developer/CommandLineTools/usr/bin/cc -g -O3 -idirafter /Users/karlnico/project-links/final-project-6122/lib/SDL2-2.0.8/src/video/khronos -DCHECK_FUNCTION_EXISTS=_uitoa -Wl,-search_paths_first -Wl,-headerpad_max_install_names   CMakeFiles/cmTC_2b5c4.dir/CheckFunctionExists.c.o  -o cmTC_2b5c4 
Undefined symbols for architecture x86_64:
  "__uitoa", referenced from:
      _main in CheckFunctionExists.c.o
ld: symbol(s) not found for architecture x86_64
clang: error: linker command failed with exit code 1 (use -v to see invocation)
make[1]: *** [cmTC_2b5c4] Error 1
make: *** [cmTC_2b5c4/fast] Error 2


Determining if the function _ultoa exists failed with the following output:
Change Dir: /Users/karlnico/project-links/final-project-6122/lib/SDL2-2.0.8/build/CMakeFiles/CMakeTmp

Run Build Command:"/usr/bin/make" "cmTC_1483c/fast"
/Library/Developer/CommandLineTools/usr/bin/make -f CMakeFiles/cmTC_1483c.dir/build.make CMakeFiles/cmTC_1483c.dir/build
Building C object CMakeFiles/cmTC_1483c.dir/CheckFunctionExists.c.o
/Library/Developer/CommandLineTools/usr/bin/cc   -g -O3 -idirafter /Users/karlnico/project-links/final-project-6122/lib/SDL2-2.0.8/src/video/khronos -DCHECK_FUNCTION_EXISTS=_ultoa   -o CMakeFiles/cmTC_1483c.dir/CheckFunctionExists.c.o   -c /usr/local/Cellar/cmake/3.10.2/share/cmake/Modules/CheckFunctionExists.c
Linking C executable cmTC_1483c
/usr/local/Cellar/cmake/3.10.2/bin/cmake -E cmake_link_script CMakeFiles/cmTC_1483c.dir/link.txt --verbose=1
/Library/Developer/CommandLineTools/usr/bin/cc -g -O3 -idirafter /Users/karlnico/project-links/final-project-6122/lib/SDL2-2.0.8/src/video/khronos -DCHECK_FUNCTION_EXISTS=_ultoa -Wl,-search_paths_first -Wl,-headerpad_max_install_names   CMakeFiles/cmTC_1483c.dir/CheckFunctionExists.c.o  -o cmTC_1483c 
Undefined symbols for architecture x86_64:
  "__ultoa", referenced from:
      _main in CheckFunctionExists.c.o
ld: symbol(s) not found for architecture x86_64
clang: error: linker command failed with exit code 1 (use -v to see invocation)
make[1]: *** [cmTC_1483c] Error 1
make: *** [cmTC_1483c/fast] Error 2


Determining if the function _i64toa exists failed with the following output:
Change Dir: /Users/karlnico/project-links/final-project-6122/lib/SDL2-2.0.8/build/CMakeFiles/CMakeTmp

Run Build Command:"/usr/bin/make" "cmTC_debe7/fast"
/Library/Developer/CommandLineTools/usr/bin/make -f CMakeFiles/cmTC_debe7.dir/build.make CMakeFiles/cmTC_debe7.dir/build
Building C object CMakeFiles/cmTC_debe7.dir/CheckFunctionExists.c.o
/Library/Developer/CommandLineTools/usr/bin/cc   -g -O3 -idirafter /Users/karlnico/project-links/final-project-6122/lib/SDL2-2.0.8/src/video/khronos -DCHECK_FUNCTION_EXISTS=_i64toa   -o CMakeFiles/cmTC_debe7.dir/CheckFunctionExists.c.o   -c /usr/local/Cellar/cmake/3.10.2/share/cmake/Modules/CheckFunctionExists.c
Linking C executable cmTC_debe7
/usr/local/Cellar/cmake/3.10.2/bin/cmake -E cmake_link_script CMakeFiles/cmTC_debe7.dir/link.txt --verbose=1
/Library/Developer/CommandLineTools/usr/bin/cc -g -O3 -idirafter /Users/karlnico/project-links/final-project-6122/lib/SDL2-2.0.8/src/video/khronos -DCHECK_FUNCTION_EXISTS=_i64toa -Wl,-search_paths_first -Wl,-headerpad_max_install_names   CMakeFiles/cmTC_debe7.dir/CheckFunctionExists.c.o  -o cmTC_debe7 
Undefined symbols for architecture x86_64:
  "__i64toa", referenced from:
      _main in CheckFunctionExists.c.o
ld: symbol(s) not found for architecture x86_64
clang: error: linker command failed with exit code 1 (use -v to see invocation)
make[1]: *** [cmTC_debe7] Error 1
make: *** [cmTC_debe7/fast] Error 2


Determining if the function _ui64toa exists failed with the following output:
Change Dir: /Users/karlnico/project-links/final-project-6122/lib/SDL2-2.0.8/build/CMakeFiles/CMakeTmp

Run Build Command:"/usr/bin/make" "cmTC_c5d1e/fast"
/Library/Developer/CommandLineTools/usr/bin/make -f CMakeFiles/cmTC_c5d1e.dir/build.make CMakeFiles/cmTC_c5d1e.dir/build
Building C object CMakeFiles/cmTC_c5d1e.dir/CheckFunctionExists.c.o
/Library/Developer/CommandLineTools/usr/bin/cc   -g -O3 -idirafter /Users/karlnico/project-links/final-project-6122/lib/SDL2-2.0.8/src/video/khronos -DCHECK_FUNCTION_EXISTS=_ui64toa   -o CMakeFiles/cmTC_c5d1e.dir/CheckFunctionExists.c.o   -c /usr/local/Cellar/cmake/3.10.2/share/cmake/Modules/CheckFunctionExists.c
Linking C executable cmTC_c5d1e
/usr/local/Cellar/cmake/3.10.2/bin/cmake -E cmake_link_script CMakeFiles/cmTC_c5d1e.dir/link.txt --verbose=1
/Library/Developer/CommandLineTools/usr/bin/cc -g -O3 -idirafter /Users/karlnico/project-links/final-project-6122/lib/SDL2-2.0.8/src/video/khronos -DCHECK_FUNCTION_EXISTS=_ui64toa -Wl,-search_paths_first -Wl,-headerpad_max_install_names   CMakeFiles/cmTC_c5d1e.dir/CheckFunctionExists.c.o  -o cmTC_c5d1e 
Undefined symbols for architecture x86_64:
  "__ui64toa", referenced from:
      _main in CheckFunctionExists.c.o
ld: symbol(s) not found for architecture x86_64
clang: error: linker command failed with exit code 1 (use -v to see invocation)
make[1]: *** [cmTC_c5d1e] Error 1
make: *** [cmTC_c5d1e/fast] Error 2


Determining if the function _stricmp exists failed with the following output:
Change Dir: /Users/karlnico/project-links/final-project-6122/lib/SDL2-2.0.8/build/CMakeFiles/CMakeTmp

Run Build Command:"/usr/bin/make" "cmTC_35918/fast"
/Library/Developer/CommandLineTools/usr/bin/make -f CMakeFiles/cmTC_35918.dir/build.make CMakeFiles/cmTC_35918.dir/build
Building C object CMakeFiles/cmTC_35918.dir/CheckFunctionExists.c.o
/Library/Developer/CommandLineTools/usr/bin/cc   -g -O3 -idirafter /Users/karlnico/project-links/final-project-6122/lib/SDL2-2.0.8/src/video/khronos -DCHECK_FUNCTION_EXISTS=_stricmp   -o CMakeFiles/cmTC_35918.dir/CheckFunctionExists.c.o   -c /usr/local/Cellar/cmake/3.10.2/share/cmake/Modules/CheckFunctionExists.c
Linking C executable cmTC_35918
/usr/local/Cellar/cmake/3.10.2/bin/cmake -E cmake_link_script CMakeFiles/cmTC_35918.dir/link.txt --verbose=1
/Library/Developer/CommandLineTools/usr/bin/cc -g -O3 -idirafter /Users/karlnico/project-links/final-project-6122/lib/SDL2-2.0.8/src/video/khronos -DCHECK_FUNCTION_EXISTS=_stricmp -Wl,-search_paths_first -Wl,-headerpad_max_install_names   CMakeFiles/cmTC_35918.dir/CheckFunctionExists.c.o  -o cmTC_35918 
Undefined symbols for architecture x86_64:
  "__stricmp", referenced from:
      _main in CheckFunctionExists.c.o
ld: symbol(s) not found for architecture x86_64
clang: error: linker command failed with exit code 1 (use -v to see invocation)
make[1]: *** [cmTC_35918] Error 1
make: *** [cmTC_35918/fast] Error 2


Determining if the function _strnicmp exists failed with the following output:
Change Dir: /Users/karlnico/project-links/final-project-6122/lib/SDL2-2.0.8/build/CMakeFiles/CMakeTmp

Run Build Command:"/usr/bin/make" "cmTC_800c5/fast"
/Library/Developer/CommandLineTools/usr/bin/make -f CMakeFiles/cmTC_800c5.dir/build.make CMakeFiles/cmTC_800c5.dir/build
Building C object CMakeFiles/cmTC_800c5.dir/CheckFunctionExists.c.o
/Library/Developer/CommandLineTools/usr/bin/cc   -g -O3 -idirafter /Users/karlnico/project-links/final-project-6122/lib/SDL2-2.0.8/src/video/khronos -DCHECK_FUNCTION_EXISTS=_strnicmp   -o CMakeFiles/cmTC_800c5.dir/CheckFunctionExists.c.o   -c /usr/local/Cellar/cmake/3.10.2/share/cmake/Modules/CheckFunctionExists.c
Linking C executable cmTC_800c5
/usr/local/Cellar/cmake/3.10.2/bin/cmake -E cmake_link_script CMakeFiles/cmTC_800c5.dir/link.txt --verbose=1
/Library/Developer/CommandLineTools/usr/bin/cc -g -O3 -idirafter /Users/karlnico/project-links/final-project-6122/lib/SDL2-2.0.8/src/video/khronos -DCHECK_FUNCTION_EXISTS=_strnicmp -Wl,-search_paths_first -Wl,-headerpad_max_install_names   CMakeFiles/cmTC_800c5.dir/CheckFunctionExists.c.o  -o cmTC_800c5 
Undefined symbols for architecture x86_64:
  "__strnicmp", referenced from:
      _main in CheckFunctionExists.c.o
ld: symbol(s) not found for architecture x86_64
clang: error: linker command failed with exit code 1 (use -v to see invocation)
make[1]: *** [cmTC_800c5] Error 1
make: *** [cmTC_800c5/fast] Error 2


Determining if the function fopen64 exists failed with the following output:
Change Dir: /Users/karlnico/project-links/final-project-6122/lib/SDL2-2.0.8/build/CMakeFiles/CMakeTmp

Run Build Command:"/usr/bin/make" "cmTC_85d1b/fast"
/Library/Developer/CommandLineTools/usr/bin/make -f CMakeFiles/cmTC_85d1b.dir/build.make CMakeFiles/cmTC_85d1b.dir/build
Building C object CMakeFiles/cmTC_85d1b.dir/CheckFunctionExists.c.o
/Library/Developer/CommandLineTools/usr/bin/cc   -g -O3 -idirafter /Users/karlnico/project-links/final-project-6122/lib/SDL2-2.0.8/src/video/khronos -DCHECK_FUNCTION_EXISTS=fopen64   -o CMakeFiles/cmTC_85d1b.dir/CheckFunctionExists.c.o   -c /usr/local/Cellar/cmake/3.10.2/share/cmake/Modules/CheckFunctionExists.c
Linking C executable cmTC_85d1b
/usr/local/Cellar/cmake/3.10.2/bin/cmake -E cmake_link_script CMakeFiles/cmTC_85d1b.dir/link.txt --verbose=1
/Library/Developer/CommandLineTools/usr/bin/cc -g -O3 -idirafter /Users/karlnico/project-links/final-project-6122/lib/SDL2-2.0.8/src/video/khronos -DCHECK_FUNCTION_EXISTS=fopen64 -Wl,-search_paths_first -Wl,-headerpad_max_install_names   CMakeFiles/cmTC_85d1b.dir/CheckFunctionExists.c.o  -o cmTC_85d1b 
Undefined symbols for architecture x86_64:
  "_fopen64", referenced from:
      _main in CheckFunctionExists.c.o
ld: symbol(s) not found for architecture x86_64
clang: error: linker command failed with exit code 1 (use -v to see invocation)
make[1]: *** [cmTC_85d1b] Error 1
make: *** [cmTC_85d1b/fast] Error 2


Determining if the function fseeko64 exists failed with the following output:
Change Dir: /Users/karlnico/project-links/final-project-6122/lib/SDL2-2.0.8/build/CMakeFiles/CMakeTmp

Run Build Command:"/usr/bin/make" "cmTC_8285e/fast"
/Library/Developer/CommandLineTools/usr/bin/make -f CMakeFiles/cmTC_8285e.dir/build.make CMakeFiles/cmTC_8285e.dir/build
Building C object CMakeFiles/cmTC_8285e.dir/CheckFunctionExists.c.o
/Library/Developer/CommandLineTools/usr/bin/cc   -g -O3 -idirafter /Users/karlnico/project-links/final-project-6122/lib/SDL2-2.0.8/src/video/khronos -DCHECK_FUNCTION_EXISTS=fseeko64   -o CMakeFiles/cmTC_8285e.dir/CheckFunctionExists.c.o   -c /usr/local/Cellar/cmake/3.10.2/share/cmake/Modules/CheckFunctionExists.c
Linking C executable cmTC_8285e
/usr/local/Cellar/cmake/3.10.2/bin/cmake -E cmake_link_script CMakeFiles/cmTC_8285e.dir/link.txt --verbose=1
/Library/Developer/CommandLineTools/usr/bin/cc -g -O3 -idirafter /Users/karlnico/project-links/final-project-6122/lib/SDL2-2.0.8/src/video/khronos -DCHECK_FUNCTION_EXISTS=fseeko64 -Wl,-search_paths_first -Wl,-headerpad_max_install_names   CMakeFiles/cmTC_8285e.dir/CheckFunctionExists.c.o  -o cmTC_8285e 
Undefined symbols for architecture x86_64:
  "_fseeko64", referenced from:
      _main in CheckFunctionExists.c.o
ld: symbol(s) not found for architecture x86_64
clang: error: linker command failed with exit code 1 (use -v to see invocation)
make[1]: *** [cmTC_8285e] Error 1
make: *** [cmTC_8285e/fast] Error 2


Determining if the function getauxval exists failed with the following output:
Change Dir: /Users/karlnico/project-links/final-project-6122/lib/SDL2-2.0.8/build/CMakeFiles/CMakeTmp

Run Build Command:"/usr/bin/make" "cmTC_5ddb2/fast"
/Library/Developer/CommandLineTools/usr/bin/make -f CMakeFiles/cmTC_5ddb2.dir/build.make CMakeFiles/cmTC_5ddb2.dir/build
Building C object CMakeFiles/cmTC_5ddb2.dir/CheckFunctionExists.c.o
/Library/Developer/CommandLineTools/usr/bin/cc   -g -O3 -idirafter /Users/karlnico/project-links/final-project-6122/lib/SDL2-2.0.8/src/video/khronos -DCHECK_FUNCTION_EXISTS=getauxval   -o CMakeFiles/cmTC_5ddb2.dir/CheckFunctionExists.c.o   -c /usr/local/Cellar/cmake/3.10.2/share/cmake/Modules/CheckFunctionExists.c
Linking C executable cmTC_5ddb2
/usr/local/Cellar/cmake/3.10.2/bin/cmake -E cmake_link_script CMakeFiles/cmTC_5ddb2.dir/link.txt --verbose=1
/Library/Developer/CommandLineTools/usr/bin/cc -g -O3 -idirafter /Users/karlnico/project-links/final-project-6122/lib/SDL2-2.0.8/src/video/khronos -DCHECK_FUNCTION_EXISTS=getauxval -Wl,-search_paths_first -Wl,-headerpad_max_install_names   CMakeFiles/cmTC_5ddb2.dir/CheckFunctionExists.c.o  -o cmTC_5ddb2 
Undefined symbols for architecture x86_64:
  "_getauxval", referenced from:
      _main in CheckFunctionExists.c.o
ld: symbol(s) not found for architecture x86_64
clang: error: linker command failed with exit code 1 (use -v to see invocation)
make[1]: *** [cmTC_5ddb2] Error 1
make: *** [cmTC_5ddb2/fast] Error 2


Performing C SOURCE FILE Test HAVE_SEM_TIMEDWAIT failed with the following output:
Change Dir: /Users/karlnico/project-links/final-project-6122/lib/SDL2-2.0.8/build/CMakeFiles/CMakeTmp

Run Build Command:"/usr/bin/make" "cmTC_7fa6a/fast"
/Library/Developer/CommandLineTools/usr/bin/make -f CMakeFiles/cmTC_7fa6a.dir/build.make CMakeFiles/cmTC_7fa6a.dir/build
Building C object CMakeFiles/cmTC_7fa6a.dir/src.c.o
/Library/Developer/CommandLineTools/usr/bin/cc   -g -O3 -idirafter /Users/karlnico/project-links/final-project-6122/lib/SDL2-2.0.8/src/video/khronos -DHAVE_SEM_TIMEDWAIT  -D_THREAD_SAFE   -o CMakeFiles/cmTC_7fa6a.dir/src.c.o   -c /Users/karlnico/project-links/final-project-6122/lib/SDL2-2.0.8/build/CMakeFiles/CMakeTmp/src.c
/Users/karlnico/project-links/final-project-6122/lib/SDL2-2.0.8/build/CMakeFiles/CMakeTmp/src.c:5:19: warning: implicit declaration of function 'sem_timedwait' is invalid in C99 [-Wimplicit-function-declaration]
                  sem_timedwait(NULL, NULL);
                  ^
1 warning generated.
Linking C executable cmTC_7fa6a
/usr/local/Cellar/cmake/3.10.2/bin/cmake -E cmake_link_script CMakeFiles/cmTC_7fa6a.dir/link.txt --verbose=1
/Library/Developer/CommandLineTools/usr/bin/cc -g -O3 -idirafter /Users/karlnico/project-links/final-project-6122/lib/SDL2-2.0.8/src/video/khronos -DHAVE_SEM_TIMEDWAIT  -D_THREAD_SAFE -Wl,-search_paths_first -Wl,-headerpad_max_install_names   CMakeFiles/cmTC_7fa6a.dir/src.c.o  -o cmTC_7fa6a 
Undefined symbols for architecture x86_64:
  "_sem_timedwait", referenced from:
      _main in src.c.o
ld: symbol(s) not found for architecture x86_64
clang: error: linker command failed with exit code 1 (use -v to see invocation)
make[1]: *** [cmTC_7fa6a] Error 1
make: *** [cmTC_7fa6a/fast] Error 2

Source file was:

              #include <pthread.h>
              #include <semaphore.h>
              int main(int argc, char **argv) {
                  sem_timedwait(NULL, NULL);
                  return 0;
              }
Performing C SOURCE FILE Test HAVE_PTHREAD_NP_H failed with the following output:
Change Dir: /Users/karlnico/project-links/final-project-6122/lib/SDL2-2.0.8/build/CMakeFiles/CMakeTmp

Run Build Command:"/usr/bin/make" "cmTC_08d12/fast"
/Library/Developer/CommandLineTools/usr/bin/make -f CMakeFiles/cmTC_08d12.dir/build.make CMakeFiles/cmTC_08d12.dir/build
Building C object CMakeFiles/cmTC_08d12.dir/src.c.o
/Library/Developer/CommandLineTools/usr/bin/cc   -g -O3 -idirafter /Users/karlnico/project-links/final-project-6122/lib/SDL2-2.0.8/src/video/khronos -DHAVE_PTHREAD_NP_H  -D_THREAD_SAFE   -o CMakeFiles/cmTC_08d12.dir/src.c.o   -c /Users/karlnico/project-links/final-project-6122/lib/SDL2-2.0.8/build/CMakeFiles/CMakeTmp/src.c
/Users/karlnico/project-links/final-project-6122/lib/SDL2-2.0.8/build/CMakeFiles/CMakeTmp/src.c:3:20: fatal error: 'pthread_np.h' file not found
          #include <pthread_np.h>
                   ^~~~~~~~~~~~~~
1 error generated.
make[1]: *** [CMakeFiles/cmTC_08d12.dir/src.c.o] Error 1
make: *** [cmTC_08d12/fast] Error 2

Source file was:

          #include <pthread.h>
          #include <pthread_np.h>
          int main(int argc, char** argv) { return 0; }
Determining if the function pthread_set_name_np exists failed with the following output:
Change Dir: /Users/karlnico/project-links/final-project-6122/lib/SDL2-2.0.8/build/CMakeFiles/CMakeTmp

Run Build Command:"/usr/bin/make" "cmTC_e05d7/fast"
/Library/Developer/CommandLineTools/usr/bin/make -f CMakeFiles/cmTC_e05d7.dir/build.make CMakeFiles/cmTC_e05d7.dir/build
Building C object CMakeFiles/cmTC_e05d7.dir/CheckFunctionExists.c.o
/Library/Developer/CommandLineTools/usr/bin/cc   -g -O3 -idirafter /Users/karlnico/project-links/final-project-6122/lib/SDL2-2.0.8/src/video/khronos -DCHECK_FUNCTION_EXISTS=pthread_set_name_np  -D_THREAD_SAFE   -o CMakeFiles/cmTC_e05d7.dir/CheckFunctionExists.c.o   -c /usr/local/Cellar/cmake/3.10.2/share/cmake/Modules/CheckFunctionExists.c
Linking C executable cmTC_e05d7
/usr/local/Cellar/cmake/3.10.2/bin/cmake -E cmake_link_script CMakeFiles/cmTC_e05d7.dir/link.txt --verbose=1
/Library/Developer/CommandLineTools/usr/bin/cc -g -O3 -idirafter /Users/karlnico/project-links/final-project-6122/lib/SDL2-2.0.8/src/video/khronos -DCHECK_FUNCTION_EXISTS=pthread_set_name_np  -D_THREAD_SAFE -Wl,-search_paths_first -Wl,-headerpad_max_install_names   CMakeFiles/cmTC_e05d7.dir/CheckFunctionExists.c.o  -o cmTC_e05d7 
Undefined symbols for architecture x86_64:
  "_pthread_set_name_np", referenced from:
      _main in CheckFunctionExists.c.o
ld: symbol(s) not found for architecture x86_64
clang: error: linker command failed with exit code 1 (use -v to see invocation)
make[1]: *** [cmTC_e05d7] Error 1
make: *** [cmTC_e05d7/fast] Error 2


